Copyright 1986-2014 Xilinx, Inc. All Rights Reserved.
-------------------------------------------------------------------------------------------------------------------------------------
| Tool Version     : Vivado v.2014.2 (lin64) Build 932637 Wed Jun 11 13:08:52 MDT 2014
| Date             : Sat Nov  1 21:38:20 2014
| Host             : Mars running 64-bit unknown
| Command          : report_power -file base_system_wrapper_power_routed.rpt -pb base_system_wrapper_power_summary_routed.pb
| Design           : base_system_wrapper
| Device           : xc7z010clg400-1
| Design State     : Routed
| Grade            : commercial
| Process          : typical
| Characterization : Production
-------------------------------------------------------------------------------------------------------------------------------------

Power Report

Table of Contents
-----------------
1. Summary
1.1 On-Chip Components
1.2 Power Supply Summary
1.3 Confidence Level
2. Settings
2.1 Environment
2.2 Clock Constraints
3. Detailed Reports
3.1 By Hierarchy

1. Summary
----------

+--------------------------+-------+
| Total On-Chip Power (W)  | 1.488 |
| Dynamic (W)              | 1.361 |
| Device Static (W)        | 0.127 |
| Total Off-Chip Power (W) | 0.121 |
| Effective TJA (C/W)      | 11.5  |
| Max Ambient (C)          | 67.8  |
| Junction Temperature (C) | 42.2  |
| Confidence Level         | Low   |
| Setting File             | ---   |
| Simulation Activity File | ---   |
| Design Nets Matched      | NA    |
+--------------------------+-------+


1.1 On-Chip Components
----------------------

+-------------------------+-----------+----------+-----------+-----------------+
| On-Chip                 | Power (W) | Used     | Available | Utilization (%) |
+-------------------------+-----------+----------+-----------+-----------------+
| Clocks                  |     0.007 |        1 |       --- |             --- |
| Slice Logic             |     0.004 |     3551 |       --- |             --- |
|   LUT as Logic          |     0.004 |     1351 |     17600 |            7.67 |
|   Register              |    <0.001 |     1436 |     35200 |            4.07 |
|   CARRY4                |    <0.001 |       79 |      4400 |            1.79 |
|   LUT as Shift Register |    <0.001 |       72 |      6000 |            1.20 |
|   F7/F8 Muxes           |    <0.001 |        2 |     17600 |            0.01 |
|   Others                |     0.000 |      305 |       --- |             --- |
| Signals                 |     0.004 |     2398 |       --- |             --- |
| I/O                     |     0.003 |       15 |       100 |           15.00 |
| PS7                     |     1.343 |        1 |       --- |             --- |
| Static Power            |     0.127 |          |           |                 |
| Total                   |     1.488 |          |           |                 |
+-------------------------+-----------+----------+-----------+-----------------+


1.2 Power Supply Summary
------------------------

+-----------+-------------+-----------+-------------+------------+
| Source    | Voltage (V) | Total (A) | Dynamic (A) | Static (A) |
+-----------+-------------+-----------+-------------+------------+
| Vccint    |       1.000 |     0.022 |       0.015 |      0.006 |
| Vccaux    |       1.800 |     0.012 |       0.000 |      0.012 |
| Vcco33    |       3.300 |     0.002 |       0.001 |      0.001 |
| Vcco25    |       2.500 |     0.000 |       0.000 |      0.000 |
| Vcco18    |       1.800 |     0.000 |       0.000 |      0.000 |
| Vcco15    |       1.500 |     0.000 |       0.000 |      0.000 |
| Vcco135   |       1.350 |     0.000 |       0.000 |      0.000 |
| Vcco12    |       1.200 |     0.000 |       0.000 |      0.000 |
| Vccaux_io |       1.800 |     0.000 |       0.000 |      0.000 |
| Vccbram   |       1.000 |     0.000 |       0.000 |      0.000 |
| MGTAVcc   |       1.000 |     0.000 |       0.000 |      0.000 |
| MGTAVtt   |       1.200 |     0.000 |       0.000 |      0.000 |
| MGTVccaux |       1.800 |     0.000 |       0.000 |      0.000 |
| Vccpint   |       1.000 |     0.410 |       0.382 |      0.028 |
| Vccpaux   |       1.800 |     0.069 |       0.059 |      0.010 |
| Vccpll    |       1.800 |     0.115 |       0.112 |      0.003 |
| Vcco_ddr  |       1.500 |     0.511 |       0.509 |      0.002 |
| Vcco_mio0 |       3.300 |     0.003 |       0.002 |      0.001 |
| Vcco_mio1 |       1.800 |     0.004 |       0.003 |      0.001 |
| Vccadc    |       1.800 |     0.020 |       0.000 |      0.020 |
+-----------+-------------+-----------+-------------+------------+


1.3 Confidence Level
--------------------

+-----------------------------+------------+--------------------------------------------------------+------------------------------------------------------------------------------------------------------------+
| User Input Data             | Confidence | Details                                                | Action                                                                                                     |
+-----------------------------+------------+--------------------------------------------------------+------------------------------------------------------------------------------------------------------------+
| Design implementation state | High       | Design is routed                                       |                                                                                                            |
| Clock nodes activity        | High       | User specified more than 95% of clocks                 |                                                                                                            |
| I/O nodes activity          | Low        | More than 75% of inputs are missing user specification | Provide missing input activity with simulation results or by editing the "By Resource Type -> I/Os" view   |
| Internal nodes activity     | Medium     | User specified less than 25% of internal nodes         | Provide missing internal nodes activity with simulation results or by editing the "By Resource Type" views |
| Device models               | High       | Device models are Production                           |                                                                                                            |
|                             |            |                                                        |                                                                                                            |
| Overall confidence level    | Low        |                                                        |                                                                                                            |
+-----------------------------+------------+--------------------------------------------------------+------------------------------------------------------------------------------------------------------------+


2. Settings
-----------

2.1 Environment
---------------

+-----------------------+------------------------+
| Ambient Temp (C)      | 25.0                   |
| ThetaJA (C/W)         | 11.5                   |
| Airflow (LFM)         | 250                    |
| Heat Sink             | none                   |
| ThetaSA (C/W)         | 0.0                    |
| Board Selection       | medium (10"x10")       |
| # of Board Layers     | 8to11 (8 to 11 Layers) |
| Board Temperature (C) | 25.0                   |
+-----------------------+------------------------+


2.2 Clock Constraints
---------------------

+------------+-----------------------------------------------+-----------------+
| Clock      | Domain                                        | Constraint (ns) |
+------------+-----------------------------------------------+-----------------+
| clk_fpga_0 | base_system_i/ps7/inst/FCLK_CLK_unbuffered[0] |            10.0 |
+------------+-----------------------------------------------+-----------------+


3. Detailed Reports
-------------------

3.1 By Hierarchy
----------------

+--------------------------------------------------+-----------+
| Name                                             | Power (W) |
+--------------------------------------------------+-----------+
| base_system_wrapper                              |     1.361 |
|   base_system_i                                  |     1.358 |
|     axi_btn                                      |    <0.001 |
|       U0                                         |    <0.001 |
|         AXI_LITE_IPIF_I                          |    <0.001 |
|           I_SLAVE_ATTACHMENT                     |    <0.001 |
|             I_DECODER                            |    <0.001 |
|         INTR_CTRLR_GEN.INTERRUPT_CONTROL_I       |    <0.001 |
|         gpio_core_1                              |    <0.001 |
|           Not_Dual.INPUT_DOUBLE_REGS3            |    <0.001 |
|     axi_led                                      |    <0.001 |
|       U0                                         |    <0.001 |
|         AXI_LITE_IPIF_I                          |    <0.001 |
|           I_SLAVE_ATTACHMENT                     |    <0.001 |
|             I_DECODER                            |    <0.001 |
|         gpio_core_1                              |    <0.001 |
|     axi_spi3ws                                   |     0.003 |
|       U0                                         |     0.003 |
|         X_IIC                                    |     0.003 |
|           DYN_MASTER_I                           |    <0.001 |
|           FILTER_I                               |    <0.001 |
|             SCL_DEBOUNCE                         |    <0.001 |
|               INPUT_DOUBLE_REGS                  |    <0.001 |
|             SDA_DEBOUNCE                         |    <0.001 |
|               INPUT_DOUBLE_REGS                  |    <0.001 |
|           IIC_CONTROL_I                          |    <0.001 |
|             BITCNT                               |    <0.001 |
|             CLKCNT                               |    <0.001 |
|             I2CDATA_REG                          |    <0.001 |
|             I2CHEADER_REG                        |    <0.001 |
|             SETUP_CNT                            |    <0.001 |
|           READ_FIFO_I                            |    <0.001 |
|           REG_INTERFACE_I                        |    <0.001 |
|           WRITE_FIFO_CTRL_I                      |    <0.001 |
|           WRITE_FIFO_I                           |    <0.001 |
|           X_AXI_IPIF_SSP1                        |    <0.001 |
|             AXI_LITE_IPIF_I                      |    <0.001 |
|               I_SLAVE_ATTACHMENT                 |    <0.001 |
|                 I_DECODER                        |    <0.001 |
|             X_INTERRUPT_CONTROL                  |    <0.001 |
|             X_SOFT_RESET                         |    <0.001 |
|     axi_timer                                    |     0.002 |
|       U0                                         |     0.002 |
|         AXI4_LITE_I                              |    <0.001 |
|           I_SLAVE_ATTACHMENT                     |    <0.001 |
|             I_DECODER                            |    <0.001 |
|         TC_CORE_I                                |     0.001 |
|           COUNTER_0_I                            |    <0.001 |
|             COUNTER_I                            |    <0.001 |
|           GEN_SECOND_TIMER.COUNTER_1_I           |    <0.001 |
|             COUNTER_I                            |    <0.001 |
|           READ_MUX_I                             |    <0.001 |
|           TIMER_CONTROL_I                        |    <0.001 |
|             INPUT_DOUBLE_REGS3                   |    <0.001 |
|     gnd                                          |     0.000 |
|     irq_concat                                   |     0.000 |
|     processing_system7_0_axi_periph              |     0.009 |
|       s00_couplers                               |     0.007 |
|         auto_pc                                  |     0.007 |
|           inst                                   |     0.007 |
|             gen_axilite.gen_b2s_conv.axilite_b2s |     0.007 |
|               RD.ar_channel_0                    |     0.001 |
|                 ar_cmd_fsm_0                     |    <0.001 |
|                 cmd_translator_0                 |    <0.001 |
|                   incr_cmd_0                     |    <0.001 |
|                   wrap_cmd_0                     |    <0.001 |
|               RD.r_channel_0                     |     0.002 |
|                 rd_data_fifo_0                   |     0.001 |
|                 transaction_fifo_0               |    <0.001 |
|               SI_REG                             |     0.003 |
|                 ar_pipe                          |    <0.001 |
|                 aw_pipe                          |    <0.001 |
|                 b_pipe                           |    <0.001 |
|                 r_pipe                           |    <0.001 |
|               WR.aw_channel_0                    |    <0.001 |
|                 aw_cmd_fsm_0                     |    <0.001 |
|                 cmd_translator_0                 |    <0.001 |
|                   incr_cmd_0                     |    <0.001 |
|                   wrap_cmd_0                     |    <0.001 |
|               WR.b_channel_0                     |    <0.001 |
|                 bid_fifo_0                       |    <0.001 |
|                 bresp_fifo_0                     |    <0.001 |
|       xbar                                       |     0.001 |
|         inst                                     |     0.001 |
|           gen_sasd.crossbar_sasd_0               |     0.001 |
|             addr_arbiter_inst                    |    <0.001 |
|             gen_decerr.decerr_slave_inst         |    <0.001 |
|             reg_slice_r                          |    <0.001 |
|             splitter_ar                          |    <0.001 |
|             splitter_aw                          |    <0.001 |
|     ps7                                          |     1.343 |
|       inst                                       |     1.343 |
|     rst_ps7_100M                                 |    <0.001 |
|       U0                                         |    <0.001 |
|         EXT_LPF                                  |    <0.001 |
|         SEQ                                      |    <0.001 |
|           SEQ_COUNTER                            |    <0.001 |
|   iic_0_scl_iobuf                                |    <0.001 |
|   iic_0_sda_iobuf                                |    <0.001 |
|   spi3w_scl_iobuf                                |     0.000 |
|   spi3w_sda_iobuf                                |     0.000 |
+--------------------------------------------------+-----------+


