Copyright 1986-2014 Xilinx, Inc. All Rights Reserved.
------------------------------------------------------------------------------------------------
| Tool Version : Vivado v.2014.2 (lin64) Build 932637 Wed Jun 11 13:08:52 MDT 2014
| Date         : Tue Oct 14 23:17:32 2014
| Host         : Mars running 64-bit unknown
| Command      : report_control_sets -verbose -file base_system_wrapper_control_sets_placed.rpt
| Design       : base_system_wrapper
| Device       : xc7z010
------------------------------------------------------------------------------------------------

Control Set Information

Table of Contents
-----------------
1. Summary
2. Flip-Flop Distribution
3. Detailed Control Set Information

1. Summary
----------

+-------------------------------------------------------------------+-------+
|                               Status                              | Count |
+-------------------------------------------------------------------+-------+
| Number of unique control sets                                     |    46 |
| Minimum Number of register sites lost to control set restrictions |   115 |
+-------------------------------------------------------------------+-------+


2. Flip-Flop Distribution
-------------------------

+--------------+-----------------------+------------------------+-----------------+--------------+
| Clock Enable | Synchronous Set/Reset | Asynchronous Set/Reset | Total Registers | Total Slices |
+--------------+-----------------------+------------------------+-----------------+--------------+
| No           | No                    | No                     |             156 |           58 |
| No           | No                    | Yes                    |               0 |            0 |
| No           | Yes                   | No                     |             149 |           48 |
| Yes          | No                    | No                     |             418 |          115 |
| Yes          | No                    | Yes                    |               0 |            0 |
| Yes          | Yes                   | No                     |              82 |           29 |
+--------------+-----------------------+------------------------+-----------------+--------------+


3. Detailed Control Set Information
-----------------------------------

+----------------------------------------------------+---------------------------------------------------------------------------------------------------------------------------------------------------+----------------------------------------------------------------------------------------------------------------------------------------------+------------------+----------------+
|                    Clock Signal                    |                                                                   Enable Signal                                                                   |                                                               Set/Reset Signal                                                               | Slice Load Count | Bel Load Count |
+----------------------------------------------------+---------------------------------------------------------------------------------------------------------------------------------------------------+----------------------------------------------------------------------------------------------------------------------------------------------+------------------+----------------+
|  base_system_i/processing_system7_0/inst/FCLK_CLK0 | base_system_i/processing_system7_0_axi_periph/s00_couplers/auto_pc/inst/gen_axilite.gen_b2s_conv.axilite_b2s/WR.b_channel_0/bid_fifo_0/sel        |                                                                                                                                              |                1 |              2 |
|  base_system_i/processing_system7_0/inst/FCLK_CLK0 | base_system_i/processing_system7_0_axi_periph/s00_couplers/auto_pc/inst/gen_axilite.gen_b2s_conv.axilite_b2s/RD.ar_channel_0/ar_cmd_fsm_0/O11[0]  |                                                                                                                                              |                1 |              4 |
|  base_system_i/processing_system7_0/inst/FCLK_CLK0 | base_system_i/processing_system7_0_axi_periph/s00_couplers/auto_pc/inst/gen_axilite.gen_b2s_conv.axilite_b2s/RD.ar_channel_0/ar_cmd_fsm_0/O9      |                                                                                                                                              |                2 |              4 |
|  base_system_i/processing_system7_0/inst/FCLK_CLK0 | base_system_i/processing_system7_0_axi_periph/s00_couplers/auto_pc/inst/gen_axilite.gen_b2s_conv.axilite_b2s/RD.ar_channel_0/ar_cmd_fsm_0/O9      | base_system_i/processing_system7_0_axi_periph/s00_couplers/auto_pc/inst/gen_axilite.gen_b2s_conv.axilite_b2s/RD.ar_channel_0/ar_cmd_fsm_0/O2 |                2 |              4 |
|  base_system_i/processing_system7_0/inst/FCLK_CLK0 | base_system_i/axi_led/U0/AXI_LITE_IPIF_I/I_SLAVE_ATTACHMENT/I_DECODER/O4[0]                                                                       | base_system_i/axi_led/U0/bus2ip_reset                                                                                                        |                1 |              4 |
|  base_system_i/processing_system7_0/inst/FCLK_CLK0 | base_system_i/processing_system7_0_axi_periph/s00_couplers/auto_pc/inst/gen_axilite.gen_b2s_conv.axilite_b2s/WR.aw_channel_0/aw_cmd_fsm_0/O11     | base_system_i/processing_system7_0_axi_periph/s00_couplers/auto_pc/inst/gen_axilite.gen_b2s_conv.axilite_b2s/WR.aw_channel_0/aw_cmd_fsm_0/O2 |                2 |              4 |
|  base_system_i/processing_system7_0/inst/FCLK_CLK0 | base_system_i/processing_system7_0_axi_periph/s00_couplers/auto_pc/inst/gen_axilite.gen_b2s_conv.axilite_b2s/WR.aw_channel_0/aw_cmd_fsm_0/O11     |                                                                                                                                              |                1 |              4 |
|  base_system_i/processing_system7_0/inst/FCLK_CLK0 | base_system_i/axi_led/U0/AXI_LITE_IPIF_I/I_SLAVE_ATTACHMENT/I_DECODER/E[0]                                                                        | base_system_i/axi_led/U0/bus2ip_reset                                                                                                        |                1 |              4 |
|  base_system_i/processing_system7_0/inst/FCLK_CLK0 | base_system_i/axi_btn/U0/AXI_LITE_IPIF_I/I_SLAVE_ATTACHMENT/I_DECODER/E[0]                                                                        | base_system_i/axi_btn/U0/bus2ip_reset                                                                                                        |                2 |              4 |
|  base_system_i/processing_system7_0/inst/FCLK_CLK0 | base_system_i/axi_led/U0/AXI_LITE_IPIF_I/I_SLAVE_ATTACHMENT/n_0_s_axi_rdata_i[3]_i_1                                                              | base_system_i/axi_led/U0/bus2ip_reset                                                                                                        |                2 |              4 |
|  base_system_i/processing_system7_0/inst/FCLK_CLK0 | base_system_i/processing_system7_0_axi_periph/s00_couplers/auto_pc/inst/gen_axilite.gen_b2s_conv.axilite_b2s/WR.aw_channel_0/aw_cmd_fsm_0/O9[0]   |                                                                                                                                              |                1 |              4 |
|  base_system_i/processing_system7_0/inst/FCLK_CLK0 |                                                                                                                                                   | base_system_i/axi_btn/U0/AXI_LITE_IPIF_I/I_SLAVE_ATTACHMENT/p_2_out                                                                          |                1 |              4 |
|  base_system_i/processing_system7_0/inst/FCLK_CLK0 |                                                                                                                                                   | base_system_i/axi_btn/U0/gpio_core_1/Read_Reg_Rst                                                                                            |                1 |              4 |
|  base_system_i/processing_system7_0/inst/FCLK_CLK0 |                                                                                                                                                   | base_system_i/axi_led/U0/AXI_LITE_IPIF_I/I_SLAVE_ATTACHMENT/p_2_out                                                                          |                1 |              4 |
|  base_system_i/processing_system7_0/inst/FCLK_CLK0 |                                                                                                                                                   | base_system_i/axi_led/U0/gpio_core_1/Read_Reg_Rst                                                                                            |                1 |              4 |
|  base_system_i/processing_system7_0/inst/FCLK_CLK0 | base_system_i/axi_btn/U0/AXI_LITE_IPIF_I/I_SLAVE_ATTACHMENT/n_0_s_axi_rdata_i[31]_i_1                                                             | base_system_i/axi_btn/U0/bus2ip_reset                                                                                                        |                2 |              5 |
|  base_system_i/processing_system7_0/inst/FCLK_CLK0 |                                                                                                                                                   | base_system_i/rst_processing_system7_0_100M/U0/EXT_LPF/lpf_int                                                                               |                4 |              5 |
|  base_system_i/processing_system7_0/inst/FCLK_CLK0 | base_system_i/rst_processing_system7_0_100M/U0/SEQ/seq_cnt_en                                                                                     | base_system_i/rst_processing_system7_0_100M/U0/SEQ/SEQ_COUNTER/clear                                                                         |                1 |              6 |
|  base_system_i/processing_system7_0/inst/FCLK_CLK0 | base_system_i/processing_system7_0_axi_periph/xbar/inst/gen_sasd.crossbar_sasd_0/reg_slice_r/aa_rready                                            |                                                                                                                                              |                3 |              8 |
|  base_system_i/processing_system7_0/inst/FCLK_CLK0 | base_system_i/processing_system7_0_axi_periph/s00_couplers/auto_pc/inst/gen_axilite.gen_b2s_conv.axilite_b2s/WR.b_channel_0/mhandshake_r          | base_system_i/processing_system7_0_axi_periph/s00_couplers/auto_pc/inst/gen_axilite.gen_b2s_conv.axilite_b2s/WR.b_channel_0/bid_fifo_0/SR[0] |                3 |              8 |
|  base_system_i/processing_system7_0/inst/FCLK_CLK0 | base_system_i/processing_system7_0_axi_periph/xbar/inst/gen_sasd.crossbar_sasd_0/addr_arbiter_inst/E[0]                                           |                                                                                                                                              |                3 |              8 |
|  base_system_i/processing_system7_0/inst/FCLK_CLK0 |                                                                                                                                                   | base_system_i/processing_system7_0_axi_periph/s00_couplers/auto_pc/inst/gen_axilite.gen_b2s_conv.axilite_b2s/SI_REG/r_pipe/SR[0]             |                4 |              8 |
|  base_system_i/processing_system7_0/inst/FCLK_CLK0 |                                                                                                                                                   | base_system_i/axi_led/U0/bus2ip_reset                                                                                                        |                3 |             10 |
|  base_system_i/processing_system7_0/inst/FCLK_CLK0 |                                                                                                                                                   | base_system_i/processing_system7_0_axi_periph/xbar/inst/gen_sasd.crossbar_sasd_0/addr_arbiter_inst/SR[0]                                     |                6 |             10 |
|  base_system_i/processing_system7_0/inst/FCLK_CLK0 | base_system_i/processing_system7_0_axi_periph/s00_couplers/auto_pc/inst/gen_axilite.gen_b2s_conv.axilite_b2s/RD.ar_channel_0/ar_cmd_fsm_0/O13     |                                                                                                                                              |                3 |             12 |
|  base_system_i/processing_system7_0/inst/FCLK_CLK0 | base_system_i/processing_system7_0_axi_periph/s00_couplers/auto_pc/inst/gen_axilite.gen_b2s_conv.axilite_b2s/WR.aw_channel_0/aw_cmd_fsm_0/O12     |                                                                                                                                              |                3 |             12 |
|  base_system_i/processing_system7_0/inst/FCLK_CLK0 | base_system_i/processing_system7_0_axi_periph/s00_couplers/auto_pc/inst/gen_axilite.gen_b2s_conv.axilite_b2s/WR.aw_channel_0/aw_cmd_fsm_0/E[0]    |                                                                                                                                              |                5 |             12 |
|  base_system_i/processing_system7_0/inst/FCLK_CLK0 | base_system_i/processing_system7_0_axi_periph/s00_couplers/auto_pc/inst/gen_axilite.gen_b2s_conv.axilite_b2s/WR.aw_channel_0/aw_cmd_fsm_0/O10[0]  |                                                                                                                                              |                5 |             12 |
|  base_system_i/processing_system7_0/inst/FCLK_CLK0 | base_system_i/processing_system7_0_axi_periph/s00_couplers/auto_pc/inst/gen_axilite.gen_b2s_conv.axilite_b2s/RD.ar_channel_0/ar_cmd_fsm_0/E[0]    |                                                                                                                                              |                6 |             12 |
|  base_system_i/processing_system7_0/inst/FCLK_CLK0 | base_system_i/processing_system7_0_axi_periph/s00_couplers/auto_pc/inst/gen_axilite.gen_b2s_conv.axilite_b2s/RD.ar_channel_0/ar_cmd_fsm_0/O10[0]  |                                                                                                                                              |                4 |             12 |
|  base_system_i/processing_system7_0/inst/FCLK_CLK0 | base_system_i/processing_system7_0_axi_periph/s00_couplers/auto_pc/inst/gen_axilite.gen_b2s_conv.axilite_b2s/RD.r_channel_0/r_push_r              |                                                                                                                                              |                4 |             13 |
|  base_system_i/processing_system7_0/inst/FCLK_CLK0 | base_system_i/processing_system7_0_axi_periph/s00_couplers/auto_pc/inst/gen_axilite.gen_b2s_conv.axilite_b2s/SI_REG/b_pipe/O2                     |                                                                                                                                              |                3 |             14 |
|  base_system_i/processing_system7_0/inst/FCLK_CLK0 | base_system_i/processing_system7_0_axi_periph/s00_couplers/auto_pc/inst/gen_axilite.gen_b2s_conv.axilite_b2s/SI_REG/b_pipe/p_1_in                 |                                                                                                                                              |                3 |             14 |
|  base_system_i/processing_system7_0/inst/FCLK_CLK0 | base_system_i/axi_btn/U0/AXI_LITE_IPIF_I/I_SLAVE_ATTACHMENT/I_DECODER/start                                                                       | base_system_i/axi_btn/U0/AXI_LITE_IPIF_I/I_SLAVE_ATTACHMENT/I_DECODER/cs_ce_clr                                                              |                5 |             16 |
|  base_system_i/processing_system7_0/inst/FCLK_CLK0 | base_system_i/processing_system7_0_axi_periph/s00_couplers/auto_pc/inst/gen_axilite.gen_b2s_conv.axilite_b2s/WR.aw_channel_0/aw_cmd_fsm_0/O3      |                                                                                                                                              |                3 |             20 |
|  base_system_i/processing_system7_0/inst/FCLK_CLK0 | base_system_i/processing_system7_0_axi_periph/xbar/inst/gen_sasd.crossbar_sasd_0/addr_arbiter_inst/p_0_in1_in                                     | base_system_i/processing_system7_0_axi_periph/xbar/inst/gen_sasd.crossbar_sasd_0/addr_arbiter_inst/SR[0]                                     |                8 |             23 |
|  base_system_i/processing_system7_0/inst/FCLK_CLK0 |                                                                                                                                                   | base_system_i/axi_btn/U0/bus2ip_reset                                                                                                        |               10 |             30 |
|  base_system_i/processing_system7_0/inst/FCLK_CLK0 | base_system_i/processing_system7_0_axi_periph/s00_couplers/auto_pc/inst/gen_axilite.gen_b2s_conv.axilite_b2s/RD.r_channel_0/rd_data_fifo_0/wr_en0 |                                                                                                                                              |               10 |             34 |
|  base_system_i/processing_system7_0/inst/FCLK_CLK0 | base_system_i/processing_system7_0_axi_periph/s00_couplers/auto_pc/inst/gen_axilite.gen_b2s_conv.axilite_b2s/SI_REG/r_pipe/O2                     |                                                                                                                                              |                9 |             47 |
|  base_system_i/processing_system7_0/inst/FCLK_CLK0 | base_system_i/processing_system7_0_axi_periph/s00_couplers/auto_pc/inst/gen_axilite.gen_b2s_conv.axilite_b2s/SI_REG/r_pipe/p_1_in                 |                                                                                                                                              |                8 |             47 |
|  base_system_i/processing_system7_0/inst/FCLK_CLK0 | base_system_i/processing_system7_0_axi_periph/s00_couplers/auto_pc/inst/gen_axilite.gen_b2s_conv.axilite_b2s/SI_REG/aw_pipe/O2                    |                                                                                                                                              |               13 |             48 |
|  base_system_i/processing_system7_0/inst/FCLK_CLK0 | base_system_i/processing_system7_0_axi_periph/s00_couplers/auto_pc/inst/gen_axilite.gen_b2s_conv.axilite_b2s/WR.aw_channel_0/aw_cmd_fsm_0/O13[0]  |                                                                                                                                              |               15 |             48 |
|  base_system_i/processing_system7_0/inst/FCLK_CLK0 | base_system_i/processing_system7_0_axi_periph/s00_couplers/auto_pc/inst/gen_axilite.gen_b2s_conv.axilite_b2s/RD.ar_channel_0/ar_cmd_fsm_0/O14[0]  |                                                                                                                                              |               14 |             48 |
|  base_system_i/processing_system7_0/inst/FCLK_CLK0 | base_system_i/processing_system7_0_axi_periph/s00_couplers/auto_pc/inst/gen_axilite.gen_b2s_conv.axilite_b2s/SI_REG/ar_pipe/O2                    |                                                                                                                                              |               13 |             48 |
|  base_system_i/processing_system7_0/inst/FCLK_CLK0 |                                                                                                                                                   | base_system_i/processing_system7_0_axi_periph/s00_couplers/auto_pc/inst/gen_axilite.gen_b2s_conv.axilite_b2s/areset_d1                       |               17 |             70 |
|  base_system_i/processing_system7_0/inst/FCLK_CLK0 |                                                                                                                                                   |                                                                                                                                              |               59 |            157 |
+----------------------------------------------------+---------------------------------------------------------------------------------------------------------------------------------------------------+----------------------------------------------------------------------------------------------------------------------------------------------+------------------+----------------+


